Exception in NSApplicationAWT:
 OutOfMemoryError
0   CoreFoundation                      0x00007ff80537a773 __exceptionPreprocess + 242
1   libobjc.A.dylib                     0x00007ff8050dabc3 objc_exception_throw + 48
2   CoreFoundation                      0x00007ff80537a5da +[NSException exceptionWithName:reason:userInfo:] + 0
3   CoreFoundation                      0x00007ff8052f473c __CFNOTIFICATIONCENTER_IS_CALLING_OUT_TO_AN_OBSERVER__ + 12
4   CoreFoundation                      0x00007ff805391b32 ___CFXRegistrationPost_block_invoke + 49
5   CoreFoundation                      0x00007ff805391ab0 _CFXRegistrationPost + 496
6   CoreFoundation                      0x00007ff8052c63c8 _CFXNotificationPost + 735
7   Foundation                          0x00007ff8061047fe -[NSNotificationCenter postNotificationName:object:userInfo:] + 82
8   AppKit                              0x00007ff807ed5e40 -[NSApplication _handleActivatedEvent:] + 1662
9   AppKit                              0x00007ff807ea6efc -[NSApplication(NSEvent) sendEvent:] + 2936
10  libjcef.dylib                       0x0000000188fec861 -[NSApplication(JCEFApplication) _swizzled_sendEvent:] + 97
11  libosxapp.dylib                     0x0000000133b7ac81 -[NSApplicationAWT sendEvent:] + 497
12  AppKit                              0x00007ff80815f14b -[NSApplication _handleEvent:] + 65
13  AppKit                              0x00007ff807d27cfe -[NSApplication run] + 623
14  libosxapp.dylib                     0x0000000133b7a765 +[NSApplicationAWT runAWTLoopWithApp:] + 165
15  libawt_lwawt.dylib                  0x0000000186d2cb20 +[AWTStarter starter:headless:] + 496
16  libosxapp.dylib                     0x0000000133b7c92f +[ThreadUtilities invokeBlockCopy:] + 15
17  Foundation                          0x00007ff80617c527 __NSThreadPerformPerform + 179
18  CoreFoundation                      0x00007ff8052ff15b __CFRUNLOOP_IS_CALLING_OUT_TO_A_SOURCE0_PERFORM_FUNCTION__ + 17
19  CoreFoundation                      0x00007ff8052ff0c3 __CFRunLoopDoSource0 + 180
20  CoreFoundation                      0x00007ff8052fee3d __CFRunLoopDoSources0 + 242
21  CoreFoundation                      0x00007ff8052fd858 __CFRunLoopRun + 892
22  CoreFoundation                      0x00007ff8052fce1c CFRunLoopRunSpecific + 562
23  phpstorm                            0x0000000108377be2 main + 3602
24  dyld                                0x000000010c9d552e start + 462
